2012-09-05 00:33:10,555 - DEBUG - receive raw stream from Server : 26 00 ba dc 01 00 00 00 30 1e 02 17 02 47 05 7a 35 14 dd a2 d5 5d 6d b7 f6 2a f4 ee e5 11 ce fc 3c 32 0b 02 03 01 00 01
2012-09-05 00:33:10,625 - DEBUG - send raw stream:06 00 ba dc 03 00 00 00
2012-09-05 00:33:10,684 - DEBUG - send raw stream:12 00 ba dc 02 00 02 00 58 8f 00 00 72 41 12 7b bc 35 4c 35
2012-09-05 00:33:40,608 - DEBUG - receive raw stream from Server : 06 00 ba dc 03 00 02 00
2012-09-05 00:33:40,608 - INFO - receive response!
2012-09-05 00:33:40,608 - DEBUG - receive raw stream from Server : 06 00 ba dc 03 00 01 00
2012-09-05 00:33:40,608 - INFO - receive response!
2012-09-05 00:33:40,608 - DEBUG - receive raw stream from Server : 1f 00 ba dc 06 00 01 00 31 37 32 2e 31 36 2e 30 2e 32 35 34 2c 46 52 45 45 53 54 59 4c 45 2d 50 43
2012-09-05 00:33:40,608 - DEBUG - send raw stream:06 00 ba dc 03 00 01 00
2012-09-05 00:33:40,608 - INFO - terminal: 172.16.0.254
2012-09-05 00:33:40,608 - INFO - terminal: FREESTYLE-PC
2012-09-05 00:33:40,608 - DEBUG - receive raw stream from Server : 06 00 ba dc 03 00 01 00
2012-09-05 00:33:40,608 - INFO - receive response!
2012-09-05 00:33:40,608 - DEBUG - receive raw stream from Server : 08 00 ba dc 07 00 02 00 01 01
2012-09-05 00:33:40,618 - DEBUG - send raw stream:06 00 ba dc 03 00 02 00
2012-09-05 00:50:19,974 - DEBUG - receive raw stream from Server : 06 00 ba dc 03 00 00 00
2012-09-05 00:50:19,974 - INFO - receive response!
2012-09-05 00:50:19,974 - DEBUG - receive raw stream from Server : 2c 00 ba dc 06 00 03 00 31 37 32 2e 31 36 2e 30 2e 32 35 34 2c 31 37 32 2e 31 36 2e 30 2e 32 35 33 2c 46 52 45 45 53 54 59 4c 45 2d 50 43
2012-09-05 00:50:19,974 - DEBUG - send raw stream:06 00 ba dc 03 00 03 00
2012-09-05 00:50:19,974 - INFO - terminal: 172.16.0.254
2012-09-05 00:50:19,974 - INFO - terminal: 172.16.0.253
2012-09-05 00:50:19,974 - INFO - terminal: FREESTYLE-PC
2012-09-05 00:50:19,974 - DEBUG - receive raw stream from Server : 06 00 ba dc 03 00 00 00
2012-09-05 00:50:19,974 - INFO - receive response!
2012-09-05 00:50:19,974 - DEBUG - receive raw stream from Server : 09 00 ba dc 07 00 04 00 01 01 01
2012-09-05 00:50:19,974 - DEBUG - send raw stream:06 00 ba dc 03 00 04 00
